<?xml version="1.0" encoding="UTF-8"?>
<testng-results ignored="0" total="2" passed="2" failed="0" skipped="0">
  <reporter-output>
  </reporter-output>
  <suite started-at="2019-07-01T12:26:19Z" name="Default suite" finished-at="2019-07-01T12:26:19Z" duration-ms="36">
    <groups>
    </groups>
    <test started-at="2019-07-01T12:26:19Z" name="Default test" finished-at="2019-07-01T12:26:19Z" duration-ms="36">
      <class name="qaclickacademy.RestAPI">
        <test-method signature="deleteTwitter()[pri:0, instance:qaclickacademy.RestAPI@175b9425]" started-at="2019-07-01T12:26:19Z" name="deleteTwitter" finished-at="2019-07-01T12:26:19Z" duration-ms="8" status="PASS">
          <reporter-output>
          </reporter-output>
        </test-method> <!-- deleteTwitter -->
        <test-method signature="postJira()[pri:0, instance:qaclickacademy.RestAPI@175b9425]" started-at="2019-07-01T12:26:19Z" name="postJira" finished-at="2019-07-01T12:26:19Z" duration-ms="0" status="PASS">
          <reporter-output>
          </reporter-output>
        </test-method> <!-- postJira -->
      </class> <!-- qaclickacademy.RestAPI -->
    </test> <!-- Default test -->
  </suite> <!-- Default suite -->
</testng-results>
